/home/olivier/workspace/thesis/scala/target/generated/concat-dependent.scala.001.scala: 11822 (2.29s)
/home/olivier/workspace/thesis/scala/target/generated/concat-dependent.scala.009.scala: 11822 (2.22s)
/home/olivier/workspace/thesis/scala/target/generated/concat-dependent.scala.017.scala: 11822 (2.33s)
/home/olivier/workspace/thesis/scala/target/generated/concat-dependent.scala.025.scala: 11822 (2.28s)
/home/olivier/workspace/thesis/scala/target/generated/concat-dependent.scala.033.scala: 11822 (2.30s)
/home/olivier/workspace/thesis/scala/target/generated/concat-dependent.scala.041.scala: 11822 (2.36s)
/home/olivier/workspace/thesis/scala/target/generated/concat-dependent.scala.049.scala: 11822 (2.35s)
/home/olivier/workspace/thesis/scala/target/generated/concat-dependent.scala.057.scala: 11822 (2.48s)
/home/olivier/workspace/thesis/scala/target/generated/concat-dependent.scala.065.scala: 11822 (2.34s)
/home/olivier/workspace/thesis/scala/target/generated/concat-dependent.scala.073.scala: 11822 (2.46s)
/home/olivier/workspace/thesis/scala/target/generated/concat-dependent.scala.081.scala: 11822 (2.35s)
/home/olivier/workspace/thesis/scala/target/generated/concat-dependent.scala.089.scala: 11822 (2.39s)
/home/olivier/workspace/thesis/scala/target/generated/concat-dependent.scala.097.scala: 11822 (2.46s)
/home/olivier/workspace/thesis/scala/target/generated/concat-dependent.scala.105.scala: 11822 (2.41s)
/home/olivier/workspace/thesis/scala/target/generated/concat-dependent.scala.113.scala: 11822 (2.42s)
/home/olivier/workspace/thesis/scala/target/generated/concat-dependent.scala.121.scala: 11822 (2.58s)
/home/olivier/workspace/thesis/scala/target/generated/concat-dependent.scala.129.scala: 11822 (2.50s)
/home/olivier/workspace/thesis/scala/target/generated/concat-dependent.scala.137.scala: 11822 (2.47s)
/home/olivier/workspace/thesis/scala/target/generated/concat-dependent.scala.145.scala: 11822 (2.49s)
/home/olivier/workspace/thesis/scala/target/generated/concat-dependent.scala.153.scala: 11822 (2.47s)
/home/olivier/workspace/thesis/scala/target/generated/concat-dependent.scala.161.scala: 11822 (2.49s)
/home/olivier/workspace/thesis/scala/target/generated/concat-dependent.scala.169.scala: 11822 (2.62s)
/home/olivier/workspace/thesis/scala/target/generated/concat-dependent.scala.177.scala: 11822 (2.64s)
/home/olivier/workspace/thesis/scala/target/generated/concat-dependent.scala.185.scala: 11822 (2.57s)
/home/olivier/workspace/thesis/scala/target/generated/concat-dependent.scala.193.scala: 11822 (2.56s)
/home/olivier/workspace/thesis/scala/target/generated/concat-dependent.scala.201.scala: 11822 (2.63s)
/home/olivier/workspace/thesis/scala/target/generated/concat-dependent.scala.209.scala: 11822 (2.64s)
/home/olivier/workspace/thesis/scala/target/generated/concat-dependent.scala.217.scala: 11822 (2.65s)
/home/olivier/workspace/thesis/scala/target/generated/concat-dependent.scala.225.scala: 11822 (2.76s)
/home/olivier/workspace/thesis/scala/target/generated/concat-dependent.scala.233.scala: 11822 (2.98s)
/home/olivier/workspace/thesis/scala/target/generated/concat-dependent.scala.241.scala: 11822 (2.51s)
/home/olivier/workspace/thesis/scala/target/generated/concat-dependent.scala.249.scala: 11822 (2.67s)
/home/olivier/workspace/thesis/scala/target/generated/concat-implicits.scala.001.scala: 16155 (2.15s)
/home/olivier/workspace/thesis/scala/target/generated/concat-implicits.scala.009.scala: 16205 (2.66s)
/home/olivier/workspace/thesis/scala/target/generated/concat-implicits.scala.017.scala: 16253 (3.01s)
/home/olivier/workspace/thesis/scala/target/generated/concat-implicits.scala.025.scala: 16301 (2.66s)
/home/olivier/workspace/thesis/scala/target/generated/concat-implicits.scala.033.scala: 16349 (2.73s)
/home/olivier/workspace/thesis/scala/target/generated/concat-implicits.scala.041.scala: 16397 (3.02s)
/home/olivier/workspace/thesis/scala/target/generated/concat-implicits.scala.049.scala: 16445 (2.97s)
/home/olivier/workspace/thesis/scala/target/generated/concat-implicits.scala.057.scala: 16493 (3.71s)
/home/olivier/workspace/thesis/scala/target/generated/concat-implicits.scala.065.scala: 16541 (3.32s)
/home/olivier/workspace/thesis/scala/target/generated/concat-implicits.scala.073.scala: 16589 (3.52s)
/home/olivier/workspace/thesis/scala/target/generated/concat-implicits.scala.081.scala: 16637 (3.87s)
/home/olivier/workspace/thesis/scala/target/generated/concat-implicits.scala.089.scala: 16685 (3.94s)
/home/olivier/workspace/thesis/scala/target/generated/concat-implicits.scala.097.scala: 16733 (4.27s)
/home/olivier/workspace/thesis/scala/target/generated/concat-implicits.scala.105.scala: 16781 (4.75s)
/home/olivier/workspace/thesis/scala/target/generated/concat-implicits.scala.113.scala: 16829 (5.04s)
/home/olivier/workspace/thesis/scala/target/generated/concat-implicits.scala.121.scala: 16877 (5.42s)
/home/olivier/workspace/thesis/scala/target/generated/concat-implicits.scala.129.scala: 16925 (6.07s)
/home/olivier/workspace/thesis/scala/target/generated/concat-implicits.scala.137.scala: 16973 (6.26s)
/home/olivier/workspace/thesis/scala/target/generated/concat-implicits.scala.145.scala: 17021 (6.98s)
/home/olivier/workspace/thesis/scala/target/generated/concat-implicits.scala.153.scala: 17069 (7.59s)
/home/olivier/workspace/thesis/scala/target/generated/concat-implicits.scala.161.scala: 17117 (8.19s)
/home/olivier/workspace/thesis/scala/target/generated/concat-implicits.scala.169.scala: 17165 (9.27s)
/home/olivier/workspace/thesis/scala/target/generated/concat-implicits.scala.177.scala: 17213 (9.86s)
/home/olivier/workspace/thesis/scala/target/generated/concat-implicits.scala.185.scala: 17261 (10.78s)
/home/olivier/workspace/thesis/scala/target/generated/concat-implicits.scala.193.scala: 17309 (11.46s)
/home/olivier/workspace/thesis/scala/target/generated/concat-implicits.scala.201.scala: 17357 (12.45s)
/home/olivier/workspace/thesis/scala/target/generated/concat-implicits.scala.209.scala: 17405 (14.29s)
/home/olivier/workspace/thesis/scala/target/generated/concat-implicits.scala.217.scala: 17453 (15.26s)
/home/olivier/workspace/thesis/scala/target/generated/concat-implicits.scala.225.scala: 17501 (17.43s)
/home/olivier/workspace/thesis/scala/target/generated/concat-implicits.scala.233.scala: 17549 (18.01s)
/home/olivier/workspace/thesis/scala/target/generated/concat-implicits.scala.241.scala: 17597 (19.69s)
/home/olivier/workspace/thesis/scala/target/generated/concat-implicits.scala.249.scala: 17645 (21.92s)
/home/olivier/workspace/thesis/scala/target/generated/concat-match-types.scala.001.scala: 13027 (2.45s)
/home/olivier/workspace/thesis/scala/target/generated/concat-match-types.scala.009.scala: 13027 (2.55s)
/home/olivier/workspace/thesis/scala/target/generated/concat-match-types.scala.017.scala: 13027 (2.65s)
/home/olivier/workspace/thesis/scala/target/generated/concat-match-types.scala.025.scala: 13027 (2.57s)
/home/olivier/workspace/thesis/scala/target/generated/concat-match-types.scala.033.scala: 13027 (2.74s)
/home/olivier/workspace/thesis/scala/target/generated/concat-match-types.scala.041.scala: 13027 (2.34s)
/home/olivier/workspace/thesis/scala/target/generated/concat-match-types.scala.049.scala: 13027 (2.30s)
/home/olivier/workspace/thesis/scala/target/generated/concat-match-types.scala.057.scala: 13027 (2.24s)
/home/olivier/workspace/thesis/scala/target/generated/concat-match-types.scala.065.scala: 13027 (2.46s)
/home/olivier/workspace/thesis/scala/target/generated/concat-match-types.scala.073.scala: 13027 (2.73s)
/home/olivier/workspace/thesis/scala/target/generated/concat-match-types.scala.081.scala: 13027 (2.61s)
/home/olivier/workspace/thesis/scala/target/generated/concat-match-types.scala.089.scala: 13027 (2.55s)
/home/olivier/workspace/thesis/scala/target/generated/concat-match-types.scala.097.scala: 13027 (2.59s)
/home/olivier/workspace/thesis/scala/target/generated/concat-match-types.scala.105.scala: 13027 (2.55s)
/home/olivier/workspace/thesis/scala/target/generated/concat-match-types.scala.113.scala: 13027 (2.55s)
/home/olivier/workspace/thesis/scala/target/generated/concat-match-types.scala.121.scala: 13027 (2.50s)
/home/olivier/workspace/thesis/scala/target/generated/concat-match-types.scala.129.scala: 13027 (2.53s)
/home/olivier/workspace/thesis/scala/target/generated/concat-match-types.scala.137.scala: 13027 (2.44s)
/home/olivier/workspace/thesis/scala/target/generated/concat-match-types.scala.145.scala: 13027 (2.53s)
/home/olivier/workspace/thesis/scala/target/generated/concat-match-types.scala.153.scala: 13027 (2.51s)
/home/olivier/workspace/thesis/scala/target/generated/concat-match-types.scala.161.scala: 13027 (2.50s)
/home/olivier/workspace/thesis/scala/target/generated/concat-match-types.scala.169.scala: 13027 (2.61s)
/home/olivier/workspace/thesis/scala/target/generated/concat-match-types.scala.177.scala: 13027 (2.46s)
/home/olivier/workspace/thesis/scala/target/generated/concat-match-types.scala.185.scala: 13027 (2.54s)
/home/olivier/workspace/thesis/scala/target/generated/concat-match-types.scala.193.scala: 13027 (3.15s)
/home/olivier/workspace/thesis/scala/target/generated/concat-match-types.scala.201.scala: 13027 (3.08s)
/home/olivier/workspace/thesis/scala/target/generated/concat-match-types.scala.209.scala: 13027 (3.22s)
/home/olivier/workspace/thesis/scala/target/generated/concat-match-types.scala.217.scala: 13027 (2.90s)
/home/olivier/workspace/thesis/scala/target/generated/concat-match-types.scala.225.scala: 13027 (2.76s)
/home/olivier/workspace/thesis/scala/target/generated/concat-match-types.scala.233.scala: 13027 (2.86s)
/home/olivier/workspace/thesis/scala/target/generated/concat-match-types.scala.241.scala: 13027 (2.62s)
/home/olivier/workspace/thesis/scala/target/generated/concat-match-types.scala.249.scala: 13027 (2.69s)
/home/olivier/workspace/thesis/scala/target/generated/join-dependent.scala.001.scala: 12566 (2.36s)
/home/olivier/workspace/thesis/scala/target/generated/join-dependent.scala.009.scala: 12566 (2.33s)
/home/olivier/workspace/thesis/scala/target/generated/join-dependent.scala.017.scala: 12566 (2.86s)
/home/olivier/workspace/thesis/scala/target/generated/join-dependent.scala.025.scala: 12566 (2.68s)
/home/olivier/workspace/thesis/scala/target/generated/join-dependent.scala.033.scala: 12566 (2.67s)
/home/olivier/workspace/thesis/scala/target/generated/join-dependent.scala.041.scala: 12566 (2.76s)
/home/olivier/workspace/thesis/scala/target/generated/join-dependent.scala.049.scala: 12566 (2.77s)
/home/olivier/workspace/thesis/scala/target/generated/join-dependent.scala.057.scala: 12566 (2.69s)
/home/olivier/workspace/thesis/scala/target/generated/join-dependent.scala.065.scala: 12566 (2.87s)
/home/olivier/workspace/thesis/scala/target/generated/join-dependent.scala.073.scala: 12566 (2.70s)
/home/olivier/workspace/thesis/scala/target/generated/join-dependent.scala.081.scala: 12566 (2.68s)
/home/olivier/workspace/thesis/scala/target/generated/join-dependent.scala.089.scala: 12566 (2.73s)
/home/olivier/workspace/thesis/scala/target/generated/join-dependent.scala.097.scala: 12566 (2.93s)
/home/olivier/workspace/thesis/scala/target/generated/join-dependent.scala.105.scala: 12566 (2.70s)
/home/olivier/workspace/thesis/scala/target/generated/join-dependent.scala.113.scala: 12566 (2.73s)
/home/olivier/workspace/thesis/scala/target/generated/join-dependent.scala.121.scala: 12566 (2.86s)
/home/olivier/workspace/thesis/scala/target/generated/join-dependent.scala.129.scala: 12566 (2.92s)
/home/olivier/workspace/thesis/scala/target/generated/join-dependent.scala.137.scala: 12566 (2.77s)
/home/olivier/workspace/thesis/scala/target/generated/join-dependent.scala.145.scala: 12566 (2.79s)
/home/olivier/workspace/thesis/scala/target/generated/join-dependent.scala.153.scala: 12566 (2.89s)
/home/olivier/workspace/thesis/scala/target/generated/join-dependent.scala.161.scala: 12566 (2.88s)
/home/olivier/workspace/thesis/scala/target/generated/join-dependent.scala.169.scala: 12566 (2.89s)
/home/olivier/workspace/thesis/scala/target/generated/join-dependent.scala.177.scala: 12566 (3.03s)
/home/olivier/workspace/thesis/scala/target/generated/join-dependent.scala.185.scala: 12566 (2.97s)
/home/olivier/workspace/thesis/scala/target/generated/join-dependent.scala.193.scala: 12566 (2.94s)
/home/olivier/workspace/thesis/scala/target/generated/join-dependent.scala.201.scala: 12566 (2.83s)
/home/olivier/workspace/thesis/scala/target/generated/join-dependent.scala.209.scala: 12566 (2.88s)
/home/olivier/workspace/thesis/scala/target/generated/join-dependent.scala.217.scala: 12566 (2.97s)
/home/olivier/workspace/thesis/scala/target/generated/join-dependent.scala.225.scala: 12566 (3.00s)
/home/olivier/workspace/thesis/scala/target/generated/join-dependent.scala.233.scala: 12566 (2.97s)
/home/olivier/workspace/thesis/scala/target/generated/join-dependent.scala.241.scala: 12566 (2.95s)
/home/olivier/workspace/thesis/scala/target/generated/join-dependent.scala.249.scala: 12566 (3.07s)
/home/olivier/workspace/thesis/scala/target/generated/join-implicits.scala.001.scala: 22401 (2.87s)
/home/olivier/workspace/thesis/scala/target/generated/join-implicits.scala.009.scala: 22547 (2.96s)
/home/olivier/workspace/thesis/scala/target/generated/join-implicits.scala.017.scala: 22691 (3.17s)
/home/olivier/workspace/thesis/scala/target/generated/join-implicits.scala.025.scala: 22835 (3.22s)
/home/olivier/workspace/thesis/scala/target/generated/join-implicits.scala.033.scala: 22979 (3.85s)
/home/olivier/workspace/thesis/scala/target/generated/join-implicits.scala.041.scala: 23123 (3.90s)
/home/olivier/workspace/thesis/scala/target/generated/join-implicits.scala.049.scala: 23267 (4.11s)
/home/olivier/workspace/thesis/scala/target/generated/join-implicits.scala.057.scala: 23411 (4.38s)
/home/olivier/workspace/thesis/scala/target/generated/join-implicits.scala.065.scala: 23555 (4.62s)
/home/olivier/workspace/thesis/scala/target/generated/join-implicits.scala.073.scala: 23699 (4.87s)
/home/olivier/workspace/thesis/scala/target/generated/join-implicits.scala.081.scala: 23843 (5.49s)
/home/olivier/workspace/thesis/scala/target/generated/join-implicits.scala.089.scala: 23987 (6.17s)
/home/olivier/workspace/thesis/scala/target/generated/join-implicits.scala.097.scala: 24131 (6.86s)
/home/olivier/workspace/thesis/scala/target/generated/join-implicits.scala.105.scala: 24275 (8.00s)
/home/olivier/workspace/thesis/scala/target/generated/join-implicits.scala.113.scala: 24419 (8.43s)
/home/olivier/workspace/thesis/scala/target/generated/join-implicits.scala.121.scala: 24563 (10.11s)
/home/olivier/workspace/thesis/scala/target/generated/join-implicits.scala.129.scala: 24707 (10.67s)
/home/olivier/workspace/thesis/scala/target/generated/join-implicits.scala.137.scala: 24851 (12.67s)
/home/olivier/workspace/thesis/scala/target/generated/join-implicits.scala.145.scala: 24995 (13.68s)
/home/olivier/workspace/thesis/scala/target/generated/join-implicits.scala.153.scala: 25139 (15.58s)
/home/olivier/workspace/thesis/scala/target/generated/join-implicits.scala.161.scala: 25283 (17.29s)
/home/olivier/workspace/thesis/scala/target/generated/join-implicits.scala.169.scala: 25427 (17.71s)
/home/olivier/workspace/thesis/scala/target/generated/join-implicits.scala.177.scala: 25571 (21.63s)
/home/olivier/workspace/thesis/scala/target/generated/join-implicits.scala.185.scala: 25715 (20.63s)
/home/olivier/workspace/thesis/scala/target/generated/join-implicits.scala.193.scala: 25859 (23.26s)
/home/olivier/workspace/thesis/scala/target/generated/join-implicits.scala.201.scala: 26003 (24.60s)
/home/olivier/workspace/thesis/scala/target/generated/join-implicits.scala.209.scala: 26147 (28.84s)
/home/olivier/workspace/thesis/scala/target/generated/join-implicits.scala.217.scala: 26291 (31.28s)
/home/olivier/workspace/thesis/scala/target/generated/join-implicits.scala.225.scala: 26435 (35.07s)
/home/olivier/workspace/thesis/scala/target/generated/join-implicits.scala.233.scala: 26579 (38.51s)
/home/olivier/workspace/thesis/scala/target/generated/join-implicits.scala.241.scala: 26723 (40.32s)
/home/olivier/workspace/thesis/scala/target/generated/join-implicits.scala.249.scala: 26867 (46.72s)
/home/olivier/workspace/thesis/scala/target/generated/join-match-types.scala.001.scala: 13126 (2.41s)
/home/olivier/workspace/thesis/scala/target/generated/join-match-types.scala.009.scala: 13126 (2.37s)
/home/olivier/workspace/thesis/scala/target/generated/join-match-types.scala.017.scala: 13126 (2.47s)
/home/olivier/workspace/thesis/scala/target/generated/join-match-types.scala.025.scala: 13126 (2.49s)
/home/olivier/workspace/thesis/scala/target/generated/join-match-types.scala.033.scala: 13126 (2.49s)
/home/olivier/workspace/thesis/scala/target/generated/join-match-types.scala.041.scala: 13126 (2.48s)
/home/olivier/workspace/thesis/scala/target/generated/join-match-types.scala.049.scala: 13126 (2.44s)
/home/olivier/workspace/thesis/scala/target/generated/join-match-types.scala.057.scala: 13126 (2.53s)
/home/olivier/workspace/thesis/scala/target/generated/join-match-types.scala.065.scala: 13126 (2.54s)
/home/olivier/workspace/thesis/scala/target/generated/join-match-types.scala.073.scala: 13126 (2.60s)
/home/olivier/workspace/thesis/scala/target/generated/join-match-types.scala.081.scala: 13126 (2.52s)
/home/olivier/workspace/thesis/scala/target/generated/join-match-types.scala.089.scala: 13126 (2.59s)
/home/olivier/workspace/thesis/scala/target/generated/join-match-types.scala.097.scala: 13126 (2.68s)
/home/olivier/workspace/thesis/scala/target/generated/join-match-types.scala.105.scala: 13126 (2.72s)
/home/olivier/workspace/thesis/scala/target/generated/join-match-types.scala.113.scala: 13126 (2.68s)
/home/olivier/workspace/thesis/scala/target/generated/join-match-types.scala.121.scala: 13126 (2.78s)
/home/olivier/workspace/thesis/scala/target/generated/join-match-types.scala.129.scala: 13126 (2.69s)
/home/olivier/workspace/thesis/scala/target/generated/join-match-types.scala.137.scala: 13126 (2.82s)
/home/olivier/workspace/thesis/scala/target/generated/join-match-types.scala.145.scala: 13126 (2.72s)
/home/olivier/workspace/thesis/scala/target/generated/join-match-types.scala.153.scala: 13126 (2.67s)
/home/olivier/workspace/thesis/scala/target/generated/join-match-types.scala.161.scala: 13126 (2.84s)
/home/olivier/workspace/thesis/scala/target/generated/join-match-types.scala.169.scala: 13126 (2.87s)
/home/olivier/workspace/thesis/scala/target/generated/join-match-types.scala.177.scala: 13126 (2.89s)
/home/olivier/workspace/thesis/scala/target/generated/join-match-types.scala.185.scala: 13126 (2.92s)
/home/olivier/workspace/thesis/scala/target/generated/join-match-types.scala.193.scala: 13126 (2.78s)
/home/olivier/workspace/thesis/scala/target/generated/join-match-types.scala.201.scala: 13126 (2.85s)
/home/olivier/workspace/thesis/scala/target/generated/join-match-types.scala.209.scala: 13126 (3.04s)
/home/olivier/workspace/thesis/scala/target/generated/join-match-types.scala.217.scala: 13126 (2.91s)
/home/olivier/workspace/thesis/scala/target/generated/join-match-types.scala.225.scala: 13126 (2.97s)
/home/olivier/workspace/thesis/scala/target/generated/join-match-types.scala.233.scala: 13126 (2.95s)
/home/olivier/workspace/thesis/scala/target/generated/join-match-types.scala.241.scala: 13126 (2.94s)
/home/olivier/workspace/thesis/scala/target/generated/join-match-types.scala.249.scala: 13126 (2.97s)
/home/olivier/workspace/thesis/scala/target/generated/numpy-dependent.scala.001.scala: 13480 (2.42s)
/home/olivier/workspace/thesis/scala/target/generated/numpy-dependent.scala.009.scala: 13480 (2.42s)
/home/olivier/workspace/thesis/scala/target/generated/numpy-dependent.scala.017.scala: 13480 (2.36s)
/home/olivier/workspace/thesis/scala/target/generated/numpy-dependent.scala.025.scala: 13480 (2.45s)
/home/olivier/workspace/thesis/scala/target/generated/numpy-dependent.scala.033.scala: 13480 (2.49s)
/home/olivier/workspace/thesis/scala/target/generated/numpy-dependent.scala.041.scala: 13480 (2.43s)
/home/olivier/workspace/thesis/scala/target/generated/numpy-dependent.scala.049.scala: 13480 (2.47s)
/home/olivier/workspace/thesis/scala/target/generated/numpy-dependent.scala.057.scala: 13480 (2.51s)
/home/olivier/workspace/thesis/scala/target/generated/numpy-dependent.scala.065.scala: 13480 (2.52s)
/home/olivier/workspace/thesis/scala/target/generated/numpy-dependent.scala.073.scala: 13480 (2.58s)
/home/olivier/workspace/thesis/scala/target/generated/numpy-dependent.scala.081.scala: 13480 (2.71s)
/home/olivier/workspace/thesis/scala/target/generated/numpy-dependent.scala.089.scala: 13480 (2.58s)
/home/olivier/workspace/thesis/scala/target/generated/numpy-dependent.scala.097.scala: 13480 (2.68s)
/home/olivier/workspace/thesis/scala/target/generated/numpy-dependent.scala.105.scala: 13480 (2.51s)
/home/olivier/workspace/thesis/scala/target/generated/numpy-dependent.scala.113.scala: 13480 (2.51s)
/home/olivier/workspace/thesis/scala/target/generated/numpy-dependent.scala.121.scala: 13480 (2.64s)
/home/olivier/workspace/thesis/scala/target/generated/numpy-dependent.scala.129.scala: 13480 (2.60s)
/home/olivier/workspace/thesis/scala/target/generated/numpy-dependent.scala.137.scala: 13480 (2.64s)
/home/olivier/workspace/thesis/scala/target/generated/numpy-dependent.scala.145.scala: 13480 (2.67s)
/home/olivier/workspace/thesis/scala/target/generated/numpy-dependent.scala.153.scala: 13480 (2.71s)
/home/olivier/workspace/thesis/scala/target/generated/numpy-dependent.scala.161.scala: 13480 (2.62s)
/home/olivier/workspace/thesis/scala/target/generated/numpy-dependent.scala.169.scala: 13480 (2.66s)
/home/olivier/workspace/thesis/scala/target/generated/numpy-dependent.scala.177.scala: 13480 (2.69s)
/home/olivier/workspace/thesis/scala/target/generated/numpy-dependent.scala.185.scala: 13480 (2.63s)
/home/olivier/workspace/thesis/scala/target/generated/numpy-dependent.scala.193.scala: 13480 (2.75s)
/home/olivier/workspace/thesis/scala/target/generated/numpy-dependent.scala.201.scala: 13480 (2.86s)
/home/olivier/workspace/thesis/scala/target/generated/numpy-dependent.scala.209.scala: 13480 (2.86s)
/home/olivier/workspace/thesis/scala/target/generated/numpy-dependent.scala.217.scala: 13480 (2.69s)
/home/olivier/workspace/thesis/scala/target/generated/numpy-dependent.scala.225.scala: 13480 (2.75s)
/home/olivier/workspace/thesis/scala/target/generated/numpy-dependent.scala.233.scala: 13480 (2.67s)
/home/olivier/workspace/thesis/scala/target/generated/numpy-dependent.scala.241.scala: 13480 (2.66s)
/home/olivier/workspace/thesis/scala/target/generated/numpy-dependent.scala.249.scala: 13480 (2.71s)
/home/olivier/workspace/thesis/scala/target/generated/numpy-implicits.scala.001.scala: 24261 (2.57s)
/home/olivier/workspace/thesis/scala/target/generated/numpy-implicits.scala.009.scala: 24357 (2.94s)
/home/olivier/workspace/thesis/scala/target/generated/numpy-implicits.scala.017.scala: 24453 (3.33s)
/home/olivier/workspace/thesis/scala/target/generated/numpy-implicits.scala.025.scala: 24549 (3.38s)
/home/olivier/workspace/thesis/scala/target/generated/numpy-implicits.scala.033.scala: 24645 (3.67s)
/home/olivier/workspace/thesis/scala/target/generated/numpy-implicits.scala.041.scala: 24741 (4.06s)
/home/olivier/workspace/thesis/scala/target/generated/numpy-implicits.scala.049.scala: 24837 (4.24s)
/home/olivier/workspace/thesis/scala/target/generated/numpy-implicits.scala.057.scala: 24933 (4.72s)
/home/olivier/workspace/thesis/scala/target/generated/numpy-implicits.scala.065.scala: 25029 (5.21s)
/home/olivier/workspace/thesis/scala/target/generated/numpy-implicits.scala.073.scala: 25125 (5.38s)
/home/olivier/workspace/thesis/scala/target/generated/numpy-implicits.scala.081.scala: 25221 (5.99s)
/home/olivier/workspace/thesis/scala/target/generated/numpy-implicits.scala.089.scala: 25317 (7.02s)
/home/olivier/workspace/thesis/scala/target/generated/numpy-implicits.scala.097.scala: 25413 (7.36s)
/home/olivier/workspace/thesis/scala/target/generated/numpy-implicits.scala.105.scala: 25509 (8.00s)
/home/olivier/workspace/thesis/scala/target/generated/numpy-implicits.scala.113.scala: 25605 (8.80s)
/home/olivier/workspace/thesis/scala/target/generated/numpy-implicits.scala.121.scala: 25701 (9.83s)
/home/olivier/workspace/thesis/scala/target/generated/numpy-implicits.scala.129.scala: 25797 (10.73s)
/home/olivier/workspace/thesis/scala/target/generated/numpy-implicits.scala.137.scala: 25893 (11.92s)
/home/olivier/workspace/thesis/scala/target/generated/numpy-implicits.scala.145.scala: 25989 (12.82s)
/home/olivier/workspace/thesis/scala/target/generated/numpy-implicits.scala.153.scala: 26085 (14.41s)
/home/olivier/workspace/thesis/scala/target/generated/numpy-implicits.scala.161.scala: 26181 (16.80s)
/home/olivier/workspace/thesis/scala/target/generated/numpy-implicits.scala.169.scala: 26277 (17.91s)
/home/olivier/workspace/thesis/scala/target/generated/numpy-implicits.scala.177.scala: 26373 (19.49s)
/home/olivier/workspace/thesis/scala/target/generated/numpy-implicits.scala.185.scala: 26469 (21.21s)
/home/olivier/workspace/thesis/scala/target/generated/numpy-implicits.scala.193.scala: 26565 (23.32s)
/home/olivier/workspace/thesis/scala/target/generated/numpy-implicits.scala.201.scala: 26661 (25.41s)
/home/olivier/workspace/thesis/scala/target/generated/numpy-implicits.scala.209.scala: 26757 (31.29s)
/home/olivier/workspace/thesis/scala/target/generated/numpy-implicits.scala.217.scala: 26853 (30.61s)
/home/olivier/workspace/thesis/scala/target/generated/numpy-implicits.scala.225.scala: 26949 (32.37s)
/home/olivier/workspace/thesis/scala/target/generated/numpy-implicits.scala.233.scala: 27045 (34.98s)
/home/olivier/workspace/thesis/scala/target/generated/numpy-implicits.scala.241.scala: 27141 (37.46s)
/home/olivier/workspace/thesis/scala/target/generated/numpy-implicits.scala.249.scala: 27237 (41.03s)
/home/olivier/workspace/thesis/scala/target/generated/numpy-match-types.scala.001.scala: 30070 (2.54s)
/home/olivier/workspace/thesis/scala/target/generated/numpy-match-types.scala.009.scala: 30070 (2.64s)
/home/olivier/workspace/thesis/scala/target/generated/numpy-match-types.scala.017.scala: 30070 (2.68s)
/home/olivier/workspace/thesis/scala/target/generated/numpy-match-types.scala.025.scala: 30070 (2.80s)
/home/olivier/workspace/thesis/scala/target/generated/numpy-match-types.scala.033.scala: 30070 (2.87s)
/home/olivier/workspace/thesis/scala/target/generated/numpy-match-types.scala.041.scala: 30070 (2.79s)
/home/olivier/workspace/thesis/scala/target/generated/numpy-match-types.scala.049.scala: 30070 (2.90s)
/home/olivier/workspace/thesis/scala/target/generated/numpy-match-types.scala.057.scala: 30070 (2.99s)
/home/olivier/workspace/thesis/scala/target/generated/numpy-match-types.scala.065.scala: 30070 (2.99s)
/home/olivier/workspace/thesis/scala/target/generated/numpy-match-types.scala.073.scala: 30070 (3.21s)
/home/olivier/workspace/thesis/scala/target/generated/numpy-match-types.scala.081.scala: 30070 (3.31s)
/home/olivier/workspace/thesis/scala/target/generated/numpy-match-types.scala.089.scala: 30070 (3.36s)
/home/olivier/workspace/thesis/scala/target/generated/numpy-match-types.scala.097.scala: 30070 (3.35s)
/home/olivier/workspace/thesis/scala/target/generated/numpy-match-types.scala.105.scala: 30070 (3.63s)
/home/olivier/workspace/thesis/scala/target/generated/numpy-match-types.scala.113.scala: 30070 (3.86s)
/home/olivier/workspace/thesis/scala/target/generated/numpy-match-types.scala.121.scala: 30070 (3.93s)
/home/olivier/workspace/thesis/scala/target/generated/numpy-match-types.scala.129.scala: 30070 (4.13s)
/home/olivier/workspace/thesis/scala/target/generated/numpy-match-types.scala.137.scala: 30070 (4.38s)
/home/olivier/workspace/thesis/scala/target/generated/numpy-match-types.scala.145.scala: 30070 (4.52s)
/home/olivier/workspace/thesis/scala/target/generated/numpy-match-types.scala.153.scala: 30070 (4.88s)
/home/olivier/workspace/thesis/scala/target/generated/numpy-match-types.scala.161.scala: 30070 (5.25s)
/home/olivier/workspace/thesis/scala/target/generated/numpy-match-types.scala.169.scala: 30070 (5.23s)
/home/olivier/workspace/thesis/scala/target/generated/numpy-match-types.scala.177.scala: 30070 (5.50s)
/home/olivier/workspace/thesis/scala/target/generated/numpy-match-types.scala.185.scala: 30070 (6.13s)
/home/olivier/workspace/thesis/scala/target/generated/numpy-match-types.scala.193.scala: 30070 (6.15s)
/home/olivier/workspace/thesis/scala/target/generated/numpy-match-types.scala.201.scala: 30070 (6.59s)
/home/olivier/workspace/thesis/scala/target/generated/numpy-match-types.scala.209.scala: 30070 (7.05s)
/home/olivier/workspace/thesis/scala/target/generated/numpy-match-types.scala.217.scala: 30070 (8.03s)
/home/olivier/workspace/thesis/scala/target/generated/numpy-match-types.scala.225.scala: 30070 (7.99s)
/home/olivier/workspace/thesis/scala/target/generated/numpy-match-types.scala.233.scala: 30070 (9.00s)
/home/olivier/workspace/thesis/scala/target/generated/numpy-match-types.scala.241.scala: 30070 (9.07s)
/home/olivier/workspace/thesis/scala/target/generated/numpy-match-types.scala.249.scala: 30070 (9.54s)
/home/olivier/workspace/thesis/scala/target/generated/remove-dependent.scala.001.scala: 12039 (2.22s)
/home/olivier/workspace/thesis/scala/target/generated/remove-dependent.scala.009.scala: 12039 (2.40s)
/home/olivier/workspace/thesis/scala/target/generated/remove-dependent.scala.017.scala: 12039 (2.26s)
/home/olivier/workspace/thesis/scala/target/generated/remove-dependent.scala.025.scala: 12039 (2.39s)
/home/olivier/workspace/thesis/scala/target/generated/remove-dependent.scala.033.scala: 12039 (2.36s)
/home/olivier/workspace/thesis/scala/target/generated/remove-dependent.scala.041.scala: 12039 (2.42s)
/home/olivier/workspace/thesis/scala/target/generated/remove-dependent.scala.049.scala: 12039 (2.47s)
/home/olivier/workspace/thesis/scala/target/generated/remove-dependent.scala.057.scala: 12039 (2.43s)
/home/olivier/workspace/thesis/scala/target/generated/remove-dependent.scala.065.scala: 12039 (2.45s)
/home/olivier/workspace/thesis/scala/target/generated/remove-dependent.scala.073.scala: 12039 (2.41s)
/home/olivier/workspace/thesis/scala/target/generated/remove-dependent.scala.081.scala: 12039 (2.45s)
/home/olivier/workspace/thesis/scala/target/generated/remove-dependent.scala.089.scala: 12039 (2.53s)
/home/olivier/workspace/thesis/scala/target/generated/remove-dependent.scala.097.scala: 12039 (2.49s)
/home/olivier/workspace/thesis/scala/target/generated/remove-dependent.scala.105.scala: 12039 (2.54s)
/home/olivier/workspace/thesis/scala/target/generated/remove-dependent.scala.113.scala: 12039 (2.62s)
/home/olivier/workspace/thesis/scala/target/generated/remove-dependent.scala.121.scala: 12039 (2.58s)
/home/olivier/workspace/thesis/scala/target/generated/remove-dependent.scala.129.scala: 12039 (2.59s)
/home/olivier/workspace/thesis/scala/target/generated/remove-dependent.scala.137.scala: 12039 (2.67s)
/home/olivier/workspace/thesis/scala/target/generated/remove-dependent.scala.145.scala: 12039 (2.55s)
/home/olivier/workspace/thesis/scala/target/generated/remove-dependent.scala.153.scala: 12039 (2.69s)
/home/olivier/workspace/thesis/scala/target/generated/remove-dependent.scala.161.scala: 12039 (2.64s)
/home/olivier/workspace/thesis/scala/target/generated/remove-dependent.scala.169.scala: 12039 (2.57s)
/home/olivier/workspace/thesis/scala/target/generated/remove-dependent.scala.177.scala: 12039 (2.58s)
/home/olivier/workspace/thesis/scala/target/generated/remove-dependent.scala.185.scala: 12039 (2.71s)
/home/olivier/workspace/thesis/scala/target/generated/remove-dependent.scala.193.scala: 12039 (2.74s)
/home/olivier/workspace/thesis/scala/target/generated/remove-dependent.scala.201.scala: 12039 (2.63s)
/home/olivier/workspace/thesis/scala/target/generated/remove-dependent.scala.209.scala: 12039 (2.62s)
/home/olivier/workspace/thesis/scala/target/generated/remove-dependent.scala.217.scala: 12039 (2.66s)
/home/olivier/workspace/thesis/scala/target/generated/remove-dependent.scala.225.scala: 12039 (2.77s)
/home/olivier/workspace/thesis/scala/target/generated/remove-dependent.scala.233.scala: 12039 (2.71s)
/home/olivier/workspace/thesis/scala/target/generated/remove-dependent.scala.241.scala: 12039 (2.91s)
/home/olivier/workspace/thesis/scala/target/generated/remove-dependent.scala.249.scala: 12039 (2.76s)
/home/olivier/workspace/thesis/scala/target/generated/remove-implicits.scala.001.scala: 16253 (2.35s)
/home/olivier/workspace/thesis/scala/target/generated/remove-implicits.scala.009.scala: 16303 (2.56s)
/home/olivier/workspace/thesis/scala/target/generated/remove-implicits.scala.017.scala: 16351 (2.54s)
/home/olivier/workspace/thesis/scala/target/generated/remove-implicits.scala.025.scala: 16399 (2.65s)
/home/olivier/workspace/thesis/scala/target/generated/remove-implicits.scala.033.scala: 16447 (2.80s)
/home/olivier/workspace/thesis/scala/target/generated/remove-implicits.scala.041.scala: 16495 (2.81s)
/home/olivier/workspace/thesis/scala/target/generated/remove-implicits.scala.049.scala: 16543 (2.99s)
/home/olivier/workspace/thesis/scala/target/generated/remove-implicits.scala.057.scala: 16591 (3.09s)
/home/olivier/workspace/thesis/scala/target/generated/remove-implicits.scala.065.scala: 16639 (3.13s)
/home/olivier/workspace/thesis/scala/target/generated/remove-implicits.scala.073.scala: 16687 (3.39s)
/home/olivier/workspace/thesis/scala/target/generated/remove-implicits.scala.081.scala: 16735 (3.39s)
/home/olivier/workspace/thesis/scala/target/generated/remove-implicits.scala.089.scala: 16783 (3.65s)
/home/olivier/workspace/thesis/scala/target/generated/remove-implicits.scala.097.scala: 16831 (3.96s)
/home/olivier/workspace/thesis/scala/target/generated/remove-implicits.scala.105.scala: 16879 (4.44s)
/home/olivier/workspace/thesis/scala/target/generated/remove-implicits.scala.113.scala: 16927 (4.54s)
/home/olivier/workspace/thesis/scala/target/generated/remove-implicits.scala.121.scala: 16975 (4.78s)
/home/olivier/workspace/thesis/scala/target/generated/remove-implicits.scala.129.scala: 17023 (5.07s)
/home/olivier/workspace/thesis/scala/target/generated/remove-implicits.scala.137.scala: 17071 (5.63s)
/home/olivier/workspace/thesis/scala/target/generated/remove-implicits.scala.145.scala: 17119 (6.03s)
/home/olivier/workspace/thesis/scala/target/generated/remove-implicits.scala.153.scala: 17167 (6.36s)
/home/olivier/workspace/thesis/scala/target/generated/remove-implicits.scala.161.scala: 17215 (6.93s)
/home/olivier/workspace/thesis/scala/target/generated/remove-implicits.scala.169.scala: 17263 (7.75s)
/home/olivier/workspace/thesis/scala/target/generated/remove-implicits.scala.177.scala: 17311 (7.79s)
/home/olivier/workspace/thesis/scala/target/generated/remove-implicits.scala.185.scala: 17359 (8.89s)
/home/olivier/workspace/thesis/scala/target/generated/remove-implicits.scala.193.scala: 17407 (9.58s)
/home/olivier/workspace/thesis/scala/target/generated/remove-implicits.scala.201.scala: 17455 (10.17s)
/home/olivier/workspace/thesis/scala/target/generated/remove-implicits.scala.209.scala: 17503 (10.99s)
/home/olivier/workspace/thesis/scala/target/generated/remove-implicits.scala.217.scala: 17551 (11.65s)
/home/olivier/workspace/thesis/scala/target/generated/remove-implicits.scala.225.scala: 17599 (12.62s)
/home/olivier/workspace/thesis/scala/target/generated/remove-implicits.scala.233.scala: 17647 (14.64s)
/home/olivier/workspace/thesis/scala/target/generated/remove-implicits.scala.241.scala: 17695 (15.37s)
/home/olivier/workspace/thesis/scala/target/generated/remove-implicits.scala.249.scala: 17743 (16.02s)
/home/olivier/workspace/thesis/scala/target/generated/remove-match-types.scala.001.scala: 13128 (2.24s)
/home/olivier/workspace/thesis/scala/target/generated/remove-match-types.scala.009.scala: 13128 (2.30s)
/home/olivier/workspace/thesis/scala/target/generated/remove-match-types.scala.017.scala: 13128 (2.30s)
/home/olivier/workspace/thesis/scala/target/generated/remove-match-types.scala.025.scala: 13128 (2.36s)
/home/olivier/workspace/thesis/scala/target/generated/remove-match-types.scala.033.scala: 13128 (2.52s)
/home/olivier/workspace/thesis/scala/target/generated/remove-match-types.scala.041.scala: 13128 (2.46s)
/home/olivier/workspace/thesis/scala/target/generated/remove-match-types.scala.049.scala: 13128 (2.43s)
/home/olivier/workspace/thesis/scala/target/generated/remove-match-types.scala.057.scala: 13128 (2.59s)
/home/olivier/workspace/thesis/scala/target/generated/remove-match-types.scala.065.scala: 13128 (2.52s)
/home/olivier/workspace/thesis/scala/target/generated/remove-match-types.scala.073.scala: 13128 (2.49s)
/home/olivier/workspace/thesis/scala/target/generated/remove-match-types.scala.081.scala: 13128 (2.55s)
/home/olivier/workspace/thesis/scala/target/generated/remove-match-types.scala.089.scala: 13128 (2.68s)
/home/olivier/workspace/thesis/scala/target/generated/remove-match-types.scala.097.scala: 13128 (2.60s)
/home/olivier/workspace/thesis/scala/target/generated/remove-match-types.scala.105.scala: 13128 (2.58s)
/home/olivier/workspace/thesis/scala/target/generated/remove-match-types.scala.113.scala: 13128 (2.54s)
/home/olivier/workspace/thesis/scala/target/generated/remove-match-types.scala.121.scala: 13128 (2.58s)
/home/olivier/workspace/thesis/scala/target/generated/remove-match-types.scala.129.scala: 13128 (2.55s)
/home/olivier/workspace/thesis/scala/target/generated/remove-match-types.scala.137.scala: 13128 (2.64s)
/home/olivier/workspace/thesis/scala/target/generated/remove-match-types.scala.145.scala: 13128 (2.85s)
/home/olivier/workspace/thesis/scala/target/generated/remove-match-types.scala.153.scala: 13128 (2.71s)
/home/olivier/workspace/thesis/scala/target/generated/remove-match-types.scala.161.scala: 13128 (2.71s)
/home/olivier/workspace/thesis/scala/target/generated/remove-match-types.scala.169.scala: 13128 (2.68s)
/home/olivier/workspace/thesis/scala/target/generated/remove-match-types.scala.177.scala: 13128 (2.67s)
/home/olivier/workspace/thesis/scala/target/generated/remove-match-types.scala.185.scala: 13128 (2.68s)
/home/olivier/workspace/thesis/scala/target/generated/remove-match-types.scala.193.scala: 13128 (2.82s)
/home/olivier/workspace/thesis/scala/target/generated/remove-match-types.scala.201.scala: 13128 (2.76s)
/home/olivier/workspace/thesis/scala/target/generated/remove-match-types.scala.209.scala: 13128 (2.70s)
/home/olivier/workspace/thesis/scala/target/generated/remove-match-types.scala.217.scala: 13128 (2.62s)
/home/olivier/workspace/thesis/scala/target/generated/remove-match-types.scala.225.scala: 13128 (2.78s)
/home/olivier/workspace/thesis/scala/target/generated/remove-match-types.scala.233.scala: 13128 (2.90s)
/home/olivier/workspace/thesis/scala/target/generated/remove-match-types.scala.241.scala: 13128 (2.76s)
/home/olivier/workspace/thesis/scala/target/generated/remove-match-types.scala.249.scala: 13128 (2.79s)
