[0m[[0m[0minfo[0m] [0m[0mLoading settings for project ddotty-build-build from build.sbt ...[0m
[0m[[0m[0minfo[0m] [0m[0mLoading project definition from /home/olivier/workspace/thesis/ddotty/project/project[0m
[0m[[0m[0minfo[0m] [0m[0mLoading settings for project ddotty-build from build.sbt,plugins.sbt ...[0m
[0m[[0m[0minfo[0m] [0m[0mLoading project definition from /home/olivier/workspace/thesis/ddotty/project[0m
[0m[[0m[0minfo[0m] [0m[0mLoading settings for project dotty from build.sbt ...[0m
[0m[[0m[0minfo[0m] [0m[0mLoading settings for project dotty-semanticdb-input from build.sbt ...[0m
[0m[[0m[0minfo[0m] [0m[0mResolving key references (14593 settings) ...[0m
[0m[[0m[0minfo[0m] [0m[0mSet current project to dotty (in build file:/home/olivier/workspace/thesis/ddotty/)[0m
[0m[[0m[33mwarn[0m] [0m[0mMultiple main classes detected.  Run 'show discoveredMainClasses' to see the list[0m
[0m[[0m[0minfo[0m] [0m[0mRunning (fork) dotty.tools.benchmarks.Bench 60 60 1 /home/olivier/workspace/thesis/scala/target/generated/concat-dependent.scala.009.scala[0m
# JMH version: 1.19
# VM version: JDK 1.8.0_212, VM 25.212-b01
# VM invoker: /usr/lib/jvm/java-8-openjdk-amd64/jre/bin/java
# VM options: -Xms2G -Xmx2G -Xss4M
# Warmup: 60 iterations, 1 s each
# Measurement: 60 iterations, 1 s each
# Timeout: 10 min per iteration
# Threads: 1 thread, will synchronize iterations
# Benchmark mode: Average time, time/op
# Benchmark: dotty.tools.benchmarks.Worker.compile

# Run progress: 0.00% complete, ETA 00:02:00
# Fork: 1 of 1
# Warmup Iteration   1: 1583.666 ms/op
# Warmup Iteration   2: 220.508 ms/op
# Warmup Iteration   3: 132.804 ms/op
# Warmup Iteration   4: 93.143 ms/op
# Warmup Iteration   5: 72.677 ms/op
# Warmup Iteration   6: 63.354 ms/op
# Warmup Iteration   7: 62.902 ms/op
# Warmup Iteration   8: 52.359 ms/op
# Warmup Iteration   9: 49.414 ms/op
# Warmup Iteration  10: 49.037 ms/op
# Warmup Iteration  11: 49.559 ms/op
# Warmup Iteration  12: 48.493 ms/op
# Warmup Iteration  13: 47.904 ms/op
# Warmup Iteration  14: 47.657 ms/op
# Warmup Iteration  15: 44.785 ms/op
# Warmup Iteration  16: 44.789 ms/op
# Warmup Iteration  17: 41.556 ms/op
# Warmup Iteration  18: 41.225 ms/op
# Warmup Iteration  19: 42.108 ms/op
# Warmup Iteration  20: 40.959 ms/op
# Warmup Iteration  21: 38.988 ms/op
# Warmup Iteration  22: 39.228 ms/op
# Warmup Iteration  23: 38.680 ms/op
# Warmup Iteration  24: 38.802 ms/op
# Warmup Iteration  25: 38.574 ms/op
# Warmup Iteration  26: 38.704 ms/op
# Warmup Iteration  27: 36.927 ms/op
# Warmup Iteration  28: 37.416 ms/op
# Warmup Iteration  29: 36.924 ms/op
# Warmup Iteration  30: 37.809 ms/op
# Warmup Iteration  31: 37.387 ms/op
# Warmup Iteration  32: 36.877 ms/op
# Warmup Iteration  33: 37.816 ms/op
# Warmup Iteration  34: 37.776 ms/op
# Warmup Iteration  35: 35.955 ms/op
# Warmup Iteration  36: 37.176 ms/op
# Warmup Iteration  37: 35.797 ms/op
# Warmup Iteration  38: 35.457 ms/op
# Warmup Iteration  39: 36.880 ms/op
# Warmup Iteration  40: 36.739 ms/op
# Warmup Iteration  41: 37.581 ms/op
# Warmup Iteration  42: 37.090 ms/op
# Warmup Iteration  43: 35.182 ms/op
# Warmup Iteration  44: 35.870 ms/op
# Warmup Iteration  45: 36.893 ms/op
# Warmup Iteration  46: 35.825 ms/op
# Warmup Iteration  47: 37.130 ms/op
# Warmup Iteration  48: 36.468 ms/op
# Warmup Iteration  49: 35.159 ms/op
# Warmup Iteration  50: 34.780 ms/op
# Warmup Iteration  51: 34.693 ms/op
# Warmup Iteration  52: 34.783 ms/op
# Warmup Iteration  53: 34.540 ms/op
# Warmup Iteration  54: 35.419 ms/op
# Warmup Iteration  55: 34.969 ms/op
# Warmup Iteration  56: 34.839 ms/op
# Warmup Iteration  57: 35.018 ms/op
# Warmup Iteration  58: 34.948 ms/op
# Warmup Iteration  59: 34.376 ms/op
# Warmup Iteration  60: 34.728 ms/op
Iteration   1: 34.274 ms/op
Iteration   2: 34.275 ms/op
Iteration   3: 34.410 ms/op
Iteration   4: 34.378 ms/op
Iteration   5: 34.431 ms/op
Iteration   6: 34.346 ms/op
Iteration   7: 37.370 ms/op
Iteration   8: 35.263 ms/op
Iteration   9: 34.646 ms/op
Iteration  10: 35.130 ms/op
Iteration  11: 34.870 ms/op
Iteration  12: 34.453 ms/op
Iteration  13: 34.516 ms/op
Iteration  14: 35.359 ms/op
Iteration  15: 34.275 ms/op
Iteration  16: 34.656 ms/op
Iteration  17: 34.152 ms/op
Iteration  18: 34.298 ms/op
Iteration  19: 34.209 ms/op
Iteration  20: 34.305 ms/op
Iteration  21: 34.244 ms/op
Iteration  22: 34.126 ms/op
Iteration  23: 34.234 ms/op
Iteration  24: 34.766 ms/op
Iteration  25: 34.570 ms/op
Iteration  26: 35.355 ms/op
Iteration  27: 34.335 ms/op
Iteration  28: 34.375 ms/op
Iteration  29: 34.517 ms/op
Iteration  30: 34.356 ms/op
Iteration  31: 34.454 ms/op
Iteration  32: 34.434 ms/op
Iteration  33: 34.611 ms/op
Iteration  34: 34.438 ms/op
Iteration  35: 34.301 ms/op
Iteration  36: 34.321 ms/op
Iteration  37: 35.578 ms/op
Iteration  38: 35.121 ms/op
Iteration  39: 34.464 ms/op
Iteration  40: 34.370 ms/op
Iteration  41: 34.534 ms/op
Iteration  42: 34.653 ms/op
Iteration  43: 34.642 ms/op
Iteration  44: 35.283 ms/op
Iteration  45: 34.139 ms/op
Iteration  46: 34.493 ms/op
Iteration  47: 34.051 ms/op
Iteration  48: 34.124 ms/op
Iteration  49: 34.143 ms/op
Iteration  50: 34.141 ms/op
Iteration  51: 34.065 ms/op
Iteration  52: 34.111 ms/op
Iteration  53: 34.179 ms/op
Iteration  54: 34.425 ms/op
Iteration  55: 34.781 ms/op
Iteration  56: 34.258 ms/op
Iteration  57: 33.978 ms/op
Iteration  58: 33.767 ms/op
Iteration  59: 33.845 ms/op
Iteration  60: 33.757 ms/op


Result "dotty.tools.benchmarks.Worker.compile":
  34.499 ±(99.9%) 0.241 ms/op [Average]
  (min, avg, max) = (33.757, 34.499, 37.370), stdev = 0.540
  CI (99.9%): [34.258, 34.741] (assumes normal distribution)


# Run complete. Total time: 00:02:03

Benchmark       Mode  Cnt   Score   Error  Units
Worker.compile  avgt   60  34.499 ± 0.241  ms/op
[0m[[0m[32msuccess[0m] [0m[0mTotal time: 126 s, completed Dec 14, 2021 10:54:09 PM[0m
