[info] welcome to sbt 1.5.6 (Oracle Corporation Java 1.8.0_212)
[info] loading settings for project dotty-master-build-build from build.sbt ...
[info] loading project definition from /home/olivier/workspace/dotty-master/project/project
[info] loading settings for project dotty-master-build from build.sbt,plugins.sbt ...
[info] loading project definition from /home/olivier/workspace/dotty-master/project
[info] loading settings for project scala3 from build.sbt ...
[info] resolving key references (30830 settings) ...
[info] set current project to scala3 (in build file:/home/olivier/workspace/dotty-master/)
[warn] sbt 0.13 shell syntax is deprecated; use slash syntax instead: scala3-bench / Jmh / run
[info] compiling 9 Java sources to /home/olivier/workspace/dotty-master/bench/target/scala-3.1.1-RC1/classes ...
[info] done compiling
[info] running (fork) dotty.tools.benchmarks.Bench 60 60 1 /home/olivier/workspace/thesis/scala/target/generated/join-implicits.scala.169.scala
# JMH version: 1.19
# VM version: JDK 1.8.0_212, VM 25.212-b01
# VM invoker: /usr/lib/jvm/java-8-openjdk-amd64/jre/bin/java
# VM options: -Xms2G -Xmx2G -Xss4M
# Warmup: 60 iterations, 1 s each
# Measurement: 60 iterations, 1 s each
# Timeout: 10 min per iteration
# Threads: 1 thread, will synchronize iterations
# Benchmark mode: Average time, time/op
# Benchmark: dotty.tools.benchmarks.Worker.compile

# Run progress: 0.00% complete, ETA 00:02:00
# Fork: 1 of 1
# Warmup Iteration   1: 16939.022 ms/op
# Warmup Iteration   2: 16432.867 ms/op
# Warmup Iteration   3: 15743.280 ms/op
# Warmup Iteration   4: 15632.599 ms/op
# Warmup Iteration   5: 15477.091 ms/op
# Warmup Iteration   6: 15226.663 ms/op
# Warmup Iteration   7: 15384.924 ms/op
# Warmup Iteration   8: 15693.951 ms/op
# Warmup Iteration   9: 15527.229 ms/op
# Warmup Iteration  10: 15419.505 ms/op
# Warmup Iteration  11: 15289.388 ms/op
# Warmup Iteration  12: 15290.637 ms/op
# Warmup Iteration  13: 15216.406 ms/op
# Warmup Iteration  14: 15458.213 ms/op
# Warmup Iteration  15: 15385.783 ms/op
# Warmup Iteration  16: 15428.356 ms/op
# Warmup Iteration  17: 15262.561 ms/op
# Warmup Iteration  18: 15481.289 ms/op
# Warmup Iteration  19: 15455.370 ms/op
# Warmup Iteration  20: 