[0m[[0m[0minfo[0m] [0m[0mLoading settings for project ddotty-build-build from build.sbt ...[0m
[0m[[0m[0minfo[0m] [0m[0mLoading project definition from /home/olivier/workspace/thesis/ddotty/project/project[0m
[0m[[0m[0minfo[0m] [0m[0mLoading settings for project ddotty-build from build.sbt,plugins.sbt ...[0m
[0m[[0m[0minfo[0m] [0m[0mLoading project definition from /home/olivier/workspace/thesis/ddotty/project[0m
[0m[[0m[0minfo[0m] [0m[0mLoading settings for project dotty from build.sbt ...[0m
[0m[[0m[0minfo[0m] [0m[0mLoading settings for project dotty-semanticdb-input from build.sbt ...[0m
[0m[[0m[0minfo[0m] [0m[0mResolving key references (14593 settings) ...[0m
[0m[[0m[0minfo[0m] [0m[0mSet current project to dotty (in build file:/home/olivier/workspace/thesis/ddotty/)[0m
[0m[[0m[33mwarn[0m] [0m[0mMultiple main classes detected.  Run 'show discoveredMainClasses' to see the list[0m
[0m[[0m[0minfo[0m] [0m[0mRunning (fork) dotty.tools.benchmarks.Bench 60 60 1 /home/olivier/workspace/thesis/scala/target/generated/join-dependent.scala.113.scala[0m
# JMH version: 1.19
# VM version: JDK 1.8.0_212, VM 25.212-b01
# VM invoker: /usr/lib/jvm/java-8-openjdk-amd64/jre/bin/java
# VM options: -Xms2G -Xmx2G -Xss4M
# Warmup: 60 iterations, 1 s each
# Measurement: 60 iterations, 1 s each
# Timeout: 10 min per iteration
# Threads: 1 thread, will synchronize iterations
# Benchmark mode: Average time, time/op
# Benchmark: dotty.tools.benchmarks.Worker.compile

# Run progress: 0.00% complete, ETA 00:02:00
# Fork: 1 of 1
# Warmup Iteration   1: 1897.242 ms/op
# Warmup Iteration   2: 306.771 ms/op
# Warmup Iteration   3: 205.386 ms/op
# Warmup Iteration   4: 154.668 ms/op
# Warmup Iteration   5: 126.736 ms/op
# Warmup Iteration   6: 106.693 ms/op
# Warmup Iteration   7: 92.824 ms/op
# Warmup Iteration   8: 81.540 ms/op
# Warmup Iteration   9: 75.405 ms/op
# Warmup Iteration  10: 80.952 ms/op
# Warmup Iteration  11: 74.682 ms/op
# Warmup Iteration  12: 74.083 ms/op
# Warmup Iteration  13: 71.044 ms/op
# Warmup Iteration  14: 70.368 ms/op
# Warmup Iteration  15: 68.552 ms/op
# Warmup Iteration  16: 68.674 ms/op
# Warmup Iteration  17: 69.576 ms/op
# Warmup Iteration  18: 66.770 ms/op
# Warmup Iteration  19: 63.477 ms/op
# Warmup Iteration  20: 65.120 ms/op
# Warmup Iteration  21: 63.482 ms/op
# Warmup Iteration  22: 62.944 ms/op
# Warmup Iteration  23: 61.769 ms/op
# Warmup Iteration  24: 61.752 ms/op
# Warmup Iteration  25: 60.624 ms/op
# Warmup Iteration  26: 60.059 ms/op
# Warmup Iteration  27: 60.725 ms/op
# Warmup Iteration  28: 59.477 ms/op
# Warmup Iteration  29: 59.960 ms/op
# Warmup Iteration  30: 59.435 ms/op
# Warmup Iteration  31: 58.567 ms/op
# Warmup Iteration  32: 62.583 ms/op
# Warmup Iteration  33: 58.538 ms/op
# Warmup Iteration  34: 58.046 ms/op
# Warmup Iteration  35: 58.466 ms/op
# Warmup Iteration  36: 57.193 ms/op
# Warmup Iteration  37: 58.609 ms/op
# Warmup Iteration  38: 56.983 ms/op
# Warmup Iteration  39: 57.614 ms/op
# Warmup Iteration  40: 56.557 ms/op
# Warmup Iteration  41: 58.353 ms/op
# Warmup Iteration  42: 57.747 ms/op
# Warmup Iteration  43: 57.391 ms/op
# Warmup Iteration  44: 57.890 ms/op
# Warmup Iteration  45: 56.948 ms/op
# Warmup Iteration  46: 58.182 ms/op
# Warmup Iteration  47: 56.854 ms/op
# Warmup Iteration  48: 57.191 ms/op
# Warmup Iteration  49: 58.947 ms/op
# Warmup Iteration  50: 57.064 ms/op
# Warmup Iteration  51: 58.146 ms/op
# Warmup Iteration  52: 57.626 ms/op
# Warmup Iteration  53: 57.089 ms/op
# Warmup Iteration  54: 56.944 ms/op
# Warmup Iteration  55: 56.244 ms/op
# Warmup Iteration  56: 57.570 ms/op
# Warmup Iteration  57: 56.115 ms/op
# Warmup Iteration  58: 57.006 ms/op
# Warmup Iteration  59: 57.464 ms/op
# Warmup Iteration  60: 56.550 ms/op
Iteration   1: 55.977 ms/op
Iteration   2: 56.167 ms/op
Iteration   3: 55.881 ms/op
Iteration   4: 56.231 ms/op
Iteration   5: 56.654 ms/op
Iteration   6: 55.794 ms/op
Iteration   7: 55.792 ms/op
Iteration   8: 56.497 ms/op
Iteration   9: 57.291 ms/op
Iteration  10: 55.939 ms/op
Iteration  11: 55.789 ms/op
Iteration  12: 55.927 ms/op
Iteration  13: 55.698 ms/op
Iteration  14: 54.890 ms/op
Iteration  15: 55.992 ms/op
Iteration  16: 55.456 ms/op
Iteration  17: 55.005 ms/op
Iteration  18: 55.173 ms/op
Iteration  19: 55.613 ms/op
Iteration  20: 55.448 ms/op
Iteration  21: 54.939 ms/op
Iteration  22: 55.036 ms/op
Iteration  23: 54.928 ms/op
Iteration  24: 54.864 ms/op
Iteration  25: 53.766 ms/op
Iteration  26: 54.980 ms/op
Iteration  27: 53.430 ms/op
Iteration  28: 53.772 ms/op
Iteration  29: 53.850 ms/op
Iteration  30: 53.787 ms/op
Iteration  31: 53.891 ms/op
Iteration  32: 53.813 ms/op
Iteration  33: 54.832 ms/op
Iteration  34: 54.650 ms/op
Iteration  35: 54.500 ms/op
Iteration  36: 54.334 ms/op
Iteration  37: 53.740 ms/op
Iteration  38: 53.999 ms/op
Iteration  39: 54.354 ms/op
Iteration  40: 53.793 ms/op
Iteration  41: 54.391 ms/op
Iteration  42: 54.339 ms/op
Iteration  43: 53.606 ms/op
Iteration  44: 53.736 ms/op
Iteration  45: 53.724 ms/op
Iteration  46: 54.166 ms/op
Iteration  47: 53.507 ms/op
Iteration  48: 54.797 ms/op
Iteration  49: 54.593 ms/op
Iteration  50: 54.584 ms/op
Iteration  51: 55.440 ms/op
Iteration  52: 54.456 ms/op
Iteration  53: 56.133 ms/op
Iteration  54: 54.443 ms/op
Iteration  55: 54.029 ms/op
Iteration  56: 54.235 ms/op
Iteration  57: 54.343 ms/op
Iteration  58: 54.297 ms/op
Iteration  59: 54.405 ms/op
Iteration  60: 53.807 ms/op


Result "dotty.tools.benchmarks.Worker.compile":
  54.825 ±(99.9%) 0.415 ms/op [Average]
  (min, avg, max) = (53.430, 54.825, 57.291), stdev = 0.928
  CI (99.9%): [54.410, 55.240] (assumes normal distribution)


# Run complete. Total time: 00:02:05

Benchmark       Mode  Cnt   Score   Error  Units
Worker.compile  avgt   60  54.825 ± 0.415  ms/op
[0m[[0m[32msuccess[0m] [0m[0mTotal time: 128 s, completed Dec 15, 2021 7:43:05 AM[0m
