[0m[[0m[0minfo[0m] [0m[0mLoading settings for project ddotty-build-build from build.sbt ...[0m
[0m[[0m[0minfo[0m] [0m[0mLoading project definition from /home/olivier/workspace/thesis/ddotty/project/project[0m
[0m[[0m[0minfo[0m] [0m[0mLoading settings for project ddotty-build from build.sbt,plugins.sbt ...[0m
[0m[[0m[0minfo[0m] [0m[0mLoading project definition from /home/olivier/workspace/thesis/ddotty/project[0m
[0m[[0m[0minfo[0m] [0m[0mLoading settings for project dotty from build.sbt ...[0m
[0m[[0m[0minfo[0m] [0m[0mLoading settings for project dotty-semanticdb-input from build.sbt ...[0m
[0m[[0m[0minfo[0m] [0m[0mResolving key references (14593 settings) ...[0m
[0m[[0m[0minfo[0m] [0m[0mSet current project to dotty (in build file:/home/olivier/workspace/thesis/ddotty/)[0m
[0m[[0m[33mwarn[0m] [0m[0mMultiple main classes detected.  Run 'show discoveredMainClasses' to see the list[0m
[0m[[0m[0minfo[0m] [0m[0mRunning (fork) dotty.tools.benchmarks.Bench 60 60 1 /home/olivier/workspace/thesis/scala/target/generated/numpy-dependent.scala.097.scala[0m
# JMH version: 1.19
# VM version: JDK 1.8.0_212, VM 25.212-b01
# VM invoker: /usr/lib/jvm/java-8-openjdk-amd64/jre/bin/java
# VM options: -Xms2G -Xmx2G -Xss4M
# Warmup: 60 iterations, 1 s each
# Measurement: 60 iterations, 1 s each
# Timeout: 10 min per iteration
# Threads: 1 thread, will synchronize iterations
# Benchmark mode: Average time, time/op
# Benchmark: dotty.tools.benchmarks.Worker.compile

# Run progress: 0.00% complete, ETA 00:02:00
# Fork: 1 of 1
# Warmup Iteration   1: 1814.393 ms/op
# Warmup Iteration   2: 273.390 ms/op
# Warmup Iteration   3: 173.720 ms/op
# Warmup Iteration   4: 131.159 ms/op
# Warmup Iteration   5: 106.109 ms/op
# Warmup Iteration   6: 86.377 ms/op
# Warmup Iteration   7: 72.797 ms/op
# Warmup Iteration   8: 77.402 ms/op
# Warmup Iteration   9: 71.298 ms/op
# Warmup Iteration  10: 66.930 ms/op
# Warmup Iteration  11: 64.259 ms/op
# Warmup Iteration  12: 59.675 ms/op
# Warmup Iteration  13: 60.716 ms/op
# Warmup Iteration  14: 60.277 ms/op
# Warmup Iteration  15: 58.054 ms/op
# Warmup Iteration  16: 57.167 ms/op
# Warmup Iteration  17: 57.713 ms/op
# Warmup Iteration  18: 55.080 ms/op
# Warmup Iteration  19: 53.254 ms/op
# Warmup Iteration  20: 53.256 ms/op
# Warmup Iteration  21: 53.243 ms/op
# Warmup Iteration  22: 52.442 ms/op
# Warmup Iteration  23: 52.855 ms/op
# Warmup Iteration  24: 51.577 ms/op
# Warmup Iteration  25: 50.555 ms/op
# Warmup Iteration  26: 51.768 ms/op
# Warmup Iteration  27: 50.936 ms/op
# Warmup Iteration  28: 50.300 ms/op
# Warmup Iteration  29: 50.044 ms/op
# Warmup Iteration  30: 49.503 ms/op
# Warmup Iteration  31: 49.773 ms/op
# Warmup Iteration  32: 50.502 ms/op
# Warmup Iteration  33: 48.977 ms/op
# Warmup Iteration  34: 49.076 ms/op
# Warmup Iteration  35: 47.927 ms/op
# Warmup Iteration  36: 48.312 ms/op
# Warmup Iteration  37: 48.040 ms/op
# Warmup Iteration  38: 48.387 ms/op
# Warmup Iteration  39: 48.737 ms/op
# Warmup Iteration  40: 47.926 ms/op
# Warmup Iteration  41: 49.031 ms/op
# Warmup Iteration  42: 48.472 ms/op
# Warmup Iteration  43: 47.346 ms/op
# Warmup Iteration  44: 47.860 ms/op
# Warmup Iteration  45: 48.080 ms/op
# Warmup Iteration  46: 47.743 ms/op
# Warmup Iteration  47: 46.983 ms/op
# Warmup Iteration  48: 46.731 ms/op
# Warmup Iteration  49: 47.485 ms/op
# Warmup Iteration  50: 47.162 ms/op
# Warmup Iteration  51: 46.997 ms/op
# Warmup Iteration  52: 47.863 ms/op
# Warmup Iteration  53: 46.552 ms/op
# Warmup Iteration  54: 46.166 ms/op
# Warmup Iteration  55: 46.408 ms/op
# Warmup Iteration  56: 46.965 ms/op
# Warmup Iteration  57: 46.372 ms/op
# Warmup Iteration  58: 46.394 ms/op
# Warmup Iteration  59: 46.528 ms/op
# Warmup Iteration  60: 46.471 ms/op
Iteration   1: 46.046 ms/op
Iteration   2: 46.070 ms/op
Iteration   3: 46.453 ms/op
Iteration   4: 46.332 ms/op
Iteration   5: 46.280 ms/op
Iteration   6: 46.726 ms/op
Iteration   7: 45.825 ms/op
Iteration   8: 46.765 ms/op
Iteration   9: 45.841 ms/op
Iteration  10: 45.665 ms/op
Iteration  11: 45.515 ms/op
Iteration  12: 45.590 ms/op
Iteration  13: 45.362 ms/op
Iteration  14: 45.747 ms/op
Iteration  15: 45.198 ms/op
Iteration  16: 45.526 ms/op
Iteration  17: 45.136 ms/op
Iteration  18: 45.231 ms/op
Iteration  19: 45.355 ms/op
Iteration  20: 45.235 ms/op
Iteration  21: 45.124 ms/op
Iteration  22: 45.094 ms/op
Iteration  23: 45.471 ms/op
Iteration  24: 45.538 ms/op
Iteration  25: 45.793 ms/op
Iteration  26: 45.693 ms/op
Iteration  27: 45.559 ms/op
Iteration  28: 45.051 ms/op
Iteration  29: 45.550 ms/op
Iteration  30: 45.240 ms/op
Iteration  31: 45.224 ms/op
Iteration  32: 44.891 ms/op
Iteration  33: 45.304 ms/op
Iteration  34: 47.212 ms/op
Iteration  35: 45.313 ms/op
Iteration  36: 45.132 ms/op
Iteration  37: 45.143 ms/op
Iteration  38: 44.941 ms/op
Iteration  39: 44.875 ms/op
Iteration  40: 44.878 ms/op
Iteration  41: 44.962 ms/op
Iteration  42: 44.907 ms/op
Iteration  43: 44.860 ms/op
Iteration  44: 43.990 ms/op
Iteration  45: 44.163 ms/op
Iteration  46: 44.170 ms/op
Iteration  47: 44.136 ms/op
Iteration  48: 44.136 ms/op
Iteration  49: 44.297 ms/op
Iteration  50: 44.768 ms/op
Iteration  51: 45.062 ms/op
Iteration  52: 44.705 ms/op
Iteration  53: 44.732 ms/op
Iteration  54: 44.712 ms/op
Iteration  55: 44.760 ms/op
Iteration  56: 44.734 ms/op
Iteration  57: 44.687 ms/op
Iteration  58: 44.598 ms/op
Iteration  59: 44.626 ms/op
Iteration  60: 43.864 ms/op


Result "dotty.tools.benchmarks.Worker.compile":
  45.230 ±(99.9%) 0.311 ms/op [Average]
  (min, avg, max) = (43.864, 45.230, 47.212), stdev = 0.695
  CI (99.9%): [44.919, 45.540] (assumes normal distribution)


# Run complete. Total time: 00:02:04

Benchmark       Mode  Cnt   Score   Error  Units
Worker.compile  avgt   60  45.230 ± 0.311  ms/op
[0m[[0m[32msuccess[0m] [0m[0mTotal time: 127 s, completed Dec 15, 2021 11:25:08 PM[0m
