[0m[[0m[0minfo[0m] [0m[0mLoading settings for project ddotty-build-build from build.sbt ...[0m
[0m[[0m[0minfo[0m] [0m[0mLoading project definition from /home/olivier/workspace/thesis/ddotty/project/project[0m
[0m[[0m[0minfo[0m] [0m[0mLoading settings for project ddotty-build from build.sbt,plugins.sbt ...[0m
[0m[[0m[0minfo[0m] [0m[0mLoading project definition from /home/olivier/workspace/thesis/ddotty/project[0m
[0m[[0m[0minfo[0m] [0m[0mLoading settings for project dotty from build.sbt ...[0m
[0m[[0m[0minfo[0m] [0m[0mLoading settings for project dotty-semanticdb-input from build.sbt ...[0m
[0m[[0m[0minfo[0m] [0m[0mResolving key references (14593 settings) ...[0m
[0m[[0m[0minfo[0m] [0m[0mSet current project to dotty (in build file:/home/olivier/workspace/thesis/ddotty/)[0m
[0m[[0m[33mwarn[0m] [0m[0mMultiple main classes detected.  Run 'show discoveredMainClasses' to see the list[0m
[0m[[0m[0minfo[0m] [0m[0mRunning (fork) dotty.tools.benchmarks.Bench 60 60 1 /home/olivier/workspace/thesis/scala/target/generated/numpy-dependent.scala.001.scala[0m
# JMH version: 1.19
# VM version: JDK 1.8.0_212, VM 25.212-b01
# VM invoker: /usr/lib/jvm/java-8-openjdk-amd64/jre/bin/java
# VM options: -Xms2G -Xmx2G -Xss4M
# Warmup: 60 iterations, 1 s each
# Measurement: 60 iterations, 1 s each
# Timeout: 10 min per iteration
# Threads: 1 thread, will synchronize iterations
# Benchmark mode: Average time, time/op
# Benchmark: dotty.tools.benchmarks.Worker.compile

# Run progress: 0.00% complete, ETA 00:02:00
# Fork: 1 of 1
# Warmup Iteration   1: 1684.920 ms/op
# Warmup Iteration   2: 230.938 ms/op
# Warmup Iteration   3: 149.027 ms/op
# Warmup Iteration   4: 107.140 ms/op
# Warmup Iteration   5: 88.534 ms/op
# Warmup Iteration   6: 76.162 ms/op
# Warmup Iteration   7: 66.771 ms/op
# Warmup Iteration   8: 62.162 ms/op
# Warmup Iteration   9: 57.145 ms/op
# Warmup Iteration  10: 60.288 ms/op
# Warmup Iteration  11: 53.505 ms/op
# Warmup Iteration  12: 52.462 ms/op
# Warmup Iteration  13: 51.412 ms/op
# Warmup Iteration  14: 51.899 ms/op
# Warmup Iteration  15: 49.198 ms/op
# Warmup Iteration  16: 48.604 ms/op
# Warmup Iteration  17: 45.669 ms/op
# Warmup Iteration  18: 45.256 ms/op
# Warmup Iteration  19: 44.824 ms/op
# Warmup Iteration  20: 44.194 ms/op
# Warmup Iteration  21: 43.901 ms/op
# Warmup Iteration  22: 43.891 ms/op
# Warmup Iteration  23: 44.450 ms/op
# Warmup Iteration  24: 42.986 ms/op
# Warmup Iteration  25: 42.106 ms/op
# Warmup Iteration  26: 43.052 ms/op
# Warmup Iteration  27: 42.244 ms/op
# Warmup Iteration  28: 48.140 ms/op
# Warmup Iteration  29: 41.426 ms/op
# Warmup Iteration  30: 41.538 ms/op
# Warmup Iteration  31: 41.242 ms/op
# Warmup Iteration  32: 41.366 ms/op
# Warmup Iteration  33: 41.414 ms/op
# Warmup Iteration  34: 42.063 ms/op
# Warmup Iteration  35: 41.646 ms/op
# Warmup Iteration  36: 41.305 ms/op
# Warmup Iteration  37: 40.995 ms/op
# Warmup Iteration  38: 40.448 ms/op
# Warmup Iteration  39: 40.729 ms/op
# Warmup Iteration  40: 39.951 ms/op
# Warmup Iteration  41: 39.963 ms/op
# Warmup Iteration  42: 40.358 ms/op
# Warmup Iteration  43: 40.116 ms/op
# Warmup Iteration  44: 40.034 ms/op
# Warmup Iteration  45: 40.404 ms/op
# Warmup Iteration  46: 39.230 ms/op
# Warmup Iteration  47: 39.095 ms/op
# Warmup Iteration  48: 39.504 ms/op
# Warmup Iteration  49: 39.786 ms/op
# Warmup Iteration  50: 39.035 ms/op
# Warmup Iteration  51: 39.342 ms/op
# Warmup Iteration  52: 39.519 ms/op
# Warmup Iteration  53: 38.234 ms/op
# Warmup Iteration  54: 38.632 ms/op
# Warmup Iteration  55: 38.503 ms/op
# Warmup Iteration  56: 37.769 ms/op
# Warmup Iteration  57: 37.933 ms/op
# Warmup Iteration  58: 39.150 ms/op
# Warmup Iteration  59: 38.943 ms/op
# Warmup Iteration  60: 38.557 ms/op
Iteration   1: 38.867 ms/op
Iteration   2: 38.549 ms/op
Iteration   3: 38.250 ms/op
Iteration   4: 38.065 ms/op
Iteration   5: 37.955 ms/op
Iteration   6: 38.051 ms/op
Iteration   7: 38.043 ms/op
Iteration   8: 38.069 ms/op
Iteration   9: 37.931 ms/op
Iteration  10: 38.011 ms/op
Iteration  11: 37.972 ms/op
Iteration  12: 38.040 ms/op
Iteration  13: 38.632 ms/op
Iteration  14: 38.035 ms/op
Iteration  15: 38.143 ms/op
Iteration  16: 38.062 ms/op
Iteration  17: 38.132 ms/op
Iteration  18: 37.874 ms/op
Iteration  19: 38.259 ms/op
Iteration  20: 37.583 ms/op
Iteration  21: 38.248 ms/op
Iteration  22: 37.967 ms/op
Iteration  23: 37.844 ms/op
Iteration  24: 37.813 ms/op
Iteration  25: 37.805 ms/op
Iteration  26: 37.611 ms/op
Iteration  27: 38.056 ms/op
Iteration  28: 38.008 ms/op
Iteration  29: 38.239 ms/op
Iteration  30: 38.184 ms/op
Iteration  31: 38.137 ms/op
Iteration  32: 38.174 ms/op
Iteration  33: 38.092 ms/op
Iteration  34: 37.763 ms/op
Iteration  35: 38.064 ms/op
Iteration  36: 37.657 ms/op
Iteration  37: 37.646 ms/op
Iteration  38: 37.721 ms/op
Iteration  39: 37.612 ms/op
Iteration  40: 37.644 ms/op
Iteration  41: 37.684 ms/op
Iteration  42: 37.766 ms/op
Iteration  43: 37.697 ms/op
Iteration  44: 37.575 ms/op
Iteration  45: 37.546 ms/op
Iteration  46: 38.914 ms/op
Iteration  47: 38.017 ms/op
Iteration  48: 38.147 ms/op
Iteration  49: 37.655 ms/op
Iteration  50: 37.256 ms/op
Iteration  51: 37.765 ms/op
Iteration  52: 36.755 ms/op
Iteration  53: 39.387 ms/op
Iteration  54: 37.870 ms/op
Iteration  55: 37.801 ms/op
Iteration  56: 37.617 ms/op
Iteration  57: 37.425 ms/op
Iteration  58: 37.366 ms/op
Iteration  59: 37.342 ms/op
Iteration  60: 37.376 ms/op


Result "dotty.tools.benchmarks.Worker.compile":
  37.929 ±(99.9%) 0.185 ms/op [Average]
  (min, avg, max) = (36.755, 37.929, 39.387), stdev = 0.414
  CI (99.9%): [37.744, 38.115] (assumes normal distribution)


# Run complete. Total time: 00:02:03

Benchmark       Mode  Cnt   Score   Error  Units
Worker.compile  avgt   60  37.929 ± 0.185  ms/op
[0m[[0m[32msuccess[0m] [0m[0mTotal time: 127 s, completed Dec 15, 2021 10:58:38 PM[0m
